# JRE version: OpenJDK Runtime Environment (8.0_202-b03) (build 1.8.0_202-release-1483-b03)
# Java VM: OpenJDK 64-Bit Server VM (25.202-b03 mixed mode windows-amd64 compressed oops)
Heap:
 PSYoungGen      total 150528K, used 41044K [0x00000000e0000000, 0x00000000ea900000, 0x0000000100000000)
  eden space 137216K, 20% used [0x00000000e0000000,0x00000000e1b5ce68,0x00000000e8600000)
  from space 13312K, 97% used [0x00000000e9c00000,0x00000000ea8b82e0,0x00000000ea900000)
  to   space 14848K, 0% used [0x00000000e8c00000,0x00000000e8c00000,0x00000000e9a80000)
 ParOldGen       total 103424K, used 16857K [0x00000000a0000000, 0x00000000a6500000, 0x00000000e0000000)
  object space 103424K, 16% used [0x00000000a0000000,0x00000000a10764d8,0x00000000a6500000)
 Metaspace       used 45991K, capacity 47068K, committed 47192K, reserved 1089536K
  class space    used 6218K, capacity 6513K, committed 6528K, reserved 1048576K
GC Heap History (10 events):
Event: 17.704 GC heap before
{Heap before GC invocations=6 (full 1):
 PSYoungGen      total 71680K, used 66560K [0x00000000e0000000, 0x00000000e4b00000, 0x0000000100000000)
  eden space 66560K, 100% used [0x00000000e0000000,0x00000000e4100000,0x00000000e4100000)
  from space 5120K, 0% used [0x00000000e4600000,0x00000000e4600000,0x00000000e4b00000)
  to   space 5120K, 0% used [0x00000000e4100000,0x00000000e4100000,0x00000000e4600000)
 ParOldGen       total 69120K, used 10721K [0x00000000a0000000, 0x00000000a4380000, 0x00000000e0000000)
  object space 69120K, 15% used [0x00000000a0000000,0x00000000a0a78738,0x00000000a4380000)
 Metaspace       used 28703K, capacity 29136K, committed 29440K, reserved 1075200K
  class space    used 3871K, capacity 4043K, committed 4096K, reserved 1048576K
Event: 17.720 GC heap after
Heap after GC invocations=6 (full 1):
 PSYoungGen      total 71680K, used 5117K [0x00000000e0000000, 0x00000000e7780000, 0x0000000100000000)
  eden space 66560K, 0% used [0x00000000e0000000,0x00000000e0000000,0x00000000e4100000)
  from space 5120K, 99% used [0x00000000e4100000,0x00000000e45ff4b8,0x00000000e4600000)
  to   space 12288K, 0% used [0x00000000e6b80000,0x00000000e6b80000,0x00000000e7780000)
 ParOldGen       total 69120K, used 13492K [0x00000000a0000000, 0x00000000a4380000, 0x00000000e0000000)
  object space 69120K, 19% used [0x00000000a0000000,0x00000000a0d2d078,0x00000000a4380000)
 Metaspace       used 28703K, capacity 29136K, committed 29440K, reserved 1075200K
  class space    used 3871K, capacity 4043K, committed 4096K, reserved 1048576K
}
Event: 19.611 GC heap before
{Heap before GC invocations=7 (full 1):
 PSYoungGen      total 71680K, used 71677K [0x00000000e0000000, 0x00000000e7780000, 0x0000000100000000)
  eden space 66560K, 100% used [0x00000000e0000000,0x00000000e4100000,0x00000000e4100000)
  from space 5120K, 99% used [0x00000000e4100000,0x00000000e45ff4b8,0x00000000e4600000)
  to   space 12288K, 0% used [0x00000000e6b80000,0x00000000e6b80000,0x00000000e7780000)
 ParOldGen       total 69120K, used 13492K [0x00000000a0000000, 0x00000000a4380000, 0x00000000e0000000)
  object space 69120K, 19% used [0x00000000a0000000,0x00000000a0d2d078,0x00000000a4380000)
 Metaspace       used 32127K, capacity 32616K, committed 33024K, reserved 1077248K
  class space    used 4420K, capacity 4563K, committed 4608K, reserved 1048576K
Event: 19.629 GC heap after
Heap after GC invocations=7 (full 1):
 PSYoungGen      total 110080K, used 8701K [0x00000000e0000000, 0x00000000e7880000, 0x0000000100000000)
  eden space 97792K, 0% used [0x00000000e0000000,0x00000000e0000000,0x00000000e5f80000)
  from space 12288K, 70% used [0x00000000e6b80000,0x00000000e73ff408,0x00000000e7780000)
  to   space 12288K, 0% used [0x00000000e5f80000,0x00000000e5f80000,0x00000000e6b80000)
 ParOldGen       total 69120K, used 13500K [0x00000000a0000000, 0x00000000a4380000, 0x00000000e0000000)
  object space 69120K, 19% used [0x00000000a0000000,0x00000000a0d2f078,0x00000000a4380000)
 Metaspace       used 32127K, capacity 32616K, committed 33024K, reserved 1077248K
  class space    used 4420K, capacity 4563K, committed 4608K, reserved 1048576K
}
Event: 23.392 GC heap before
{Heap before GC invocations=8 (full 1):
 PSYoungGen      total 110080K, used 56856K [0x00000000e0000000, 0x00000000e7880000, 0x0000000100000000)
  eden space 97792K, 49% used [0x00000000e0000000,0x00000000e2f06f20,0x00000000e5f80000)
  from space 12288K, 70% used [0x00000000e6b80000,0x00000000e73ff408,0x00000000e7780000)
  to   space 12288K, 0% used [0x00000000e5f80000,0x00000000e5f80000,0x00000000e6b80000)
 ParOldGen       total 69120K, used 13500K [0x00000000a0000000, 0x00000000a4380000, 0x00000000e0000000)
  object space 69120K, 19% used [0x00000000a0000000,0x00000000a0d2f078,0x00000000a4380000)
 Metaspace       used 34685K, capacity 35250K, committed 35416K, reserved 1079296K
  class space    used 4757K, capacity 4936K, committed 4992K, reserved 1048576K
Event: 23.425 GC heap after
Heap after GC invocations=8 (full 1):
 PSYoungGen      total 110080K, used 10273K [0x00000000e0000000, 0x00000000ea900000, 0x0000000100000000)
  eden space 97792K, 0% used [0x00000000e0000000,0x00000000e0000000,0x00000000e5f80000)
  from space 12288K, 83% used [0x00000000e5f80000,0x00000000e69886f0,0x00000000e6b80000)
  to   space 13312K, 0% used [0x00000000e9c00000,0x00000000e9c00000,0x00000000ea900000)
 ParOldGen       total 69120K, used 13508K [0x00000000a0000000, 0x00000000a4380000, 0x00000000e0000000)
  object space 69120K, 19% used [0x00000000a0000000,0x00000000a0d31078,0x00000000a4380000)
 Metaspace       used 34685K, capacity 35250K, committed 35416K, reserved 1079296K
  class space    used 4757K, capacity 4936K, committed 4992K, reserved 1048576K
}
Event: 23.425 GC heap before
{Heap before GC invocations=9 (full 2):
 PSYoungGen      total 110080K, used 10273K [0x00000000e0000000, 0x00000000ea900000, 0x0000000100000000)
  eden space 97792K, 0% used [0x00000000e0000000,0x00000000e0000000,0x00000000e5f80000)
  from space 12288K, 83% used [0x00000000e5f80000,0x00000000e69886f0,0x00000000e6b80000)
  to   space 13312K, 0% used [0x00000000e9c00000,0x00000000e9c00000,0x00000000ea900000)
 ParOldGen       total 69120K, used 13508K [0x00000000a0000000, 0x00000000a4380000, 0x00000000e0000000)
  object space 69120K, 19% used [0x00000000a0000000,0x00000000a0d31078,0x00000000a4380000)
 Metaspace       used 34685K, capacity 35250K, committed 35416K, reserved 1079296K
  class space    used 4757K, capacity 4936K, committed 4992K, reserved 1048576K
Event: 23.542 GC heap after
Heap after GC invocations=9 (full 2):
 PSYoungGen      total 110080K, used 0K [0x00000000e0000000, 0x00000000ea900000, 0x0000000100000000)
  eden space 97792K, 0% used [0x00000000e0000000,0x00000000e0000000,0x00000000e5f80000)
  from space 12288K, 0% used [0x00000000e5f80000,0x00000000e5f80000,0x00000000e6b80000)
  to   space 13312K, 0% used [0x00000000e9c00000,0x00000000e9c00000,0x00000000ea900000)
 ParOldGen       total 103424K, used 16849K [0x00000000a0000000, 0x00000000a6500000, 0x00000000e0000000)
  object space 103424K, 16% used [0x00000000a0000000,0x00000000a10744d8,0x00000000a6500000)
 Metaspace       used 34680K, capacity 35232K, committed 35416K, reserved 1079296K
  class space    used 4755K, capacity 4933K, committed 4992K, reserved 1048576K
}
Event: 27.955 GC heap before
{Heap before GC invocations=10 (full 2):
 PSYoungGen      total 110080K, used 97792K [0x00000000e0000000, 0x00000000ea900000, 0x0000000100000000)
  eden space 97792K, 100% used [0x00000000e0000000,0x00000000e5f80000,0x00000000e5f80000)
  from space 12288K, 0% used [0x00000000e5f80000,0x00000000e5f80000,0x00000000e6b80000)
  to   space 13312K, 0% used [0x00000000e9c00000,0x00000000e9c00000,0x00000000ea900000)
 ParOldGen       total 103424K, used 16849K [0x00000000a0000000, 0x00000000a6500000, 0x00000000e0000000)
  object space 103424K, 16% used [0x00000000a0000000,0x00000000a10744d8,0x00000000a6500000)
 Metaspace       used 44878K, capacity 45720K, committed 45912K, reserved 1089536K
  class space    used 6033K, capacity 6250K, committed 6272K, reserved 1048576K
Event: 27.976 GC heap after
Heap after GC invocations=10 (full 2):
 PSYoungGen      total 150528K, used 13024K [0x00000000e0000000, 0x00000000ea900000, 0x0000000100000000)
  eden space 137216K, 0% used [0x00000000e0000000,0x00000000e0000000,0x00000000e8600000)
  from space 13312K, 97% used [0x00000000e9c00000,0x00000000ea8b82e0,0x00000000ea900000)
  to   space 14848K, 0% used [0x00000000e8c00000,0x00000000e8c00000,0x00000000e9a80000)
 ParOldGen       total 103424K, used 16857K [0x00000000a0000000, 0x00000000a6500000, 0x00000000e0000000)
  object space 103424K, 16% used [0x00000000a0000000,0x00000000a10764d8,0x00000000a6500000)
 Metaspace       used 44878K, capacity 45720K, committed 45912K, reserved 1089536K
  class space    used 6033K, capacity 6250K, committed 6272K, reserved 1048576K
}

