# JRE version: OpenJDK Runtime Environment (8.0_202-b03) (build 1.8.0_202-release-1483-b03)
# Java VM: OpenJDK 64-Bit Server VM (25.202-b03 mixed mode windows-amd64 compressed oops)
Heap:
 PSYoungGen      total 203776K, used 58955K [0x00000000e0000000, 0x00000000eee00000, 0x0000000100000000)
  eden space 187392K, 26% used [0x00000000e0000000,0x00000000e30c2400,0x00000000eb700000)
  from space 16384K, 55% used [0x00000000eb700000,0x00000000ebfd09f0,0x00000000ec700000)
  to   space 15872K, 0% used [0x00000000ede80000,0x00000000ede80000,0x00000000eee00000)
 ParOldGen       total 121344K, used 44690K [0x00000000a0000000, 0x00000000a7680000, 0x00000000e0000000)
  object space 121344K, 36% used [0x00000000a0000000,0x00000000a2ba49a0,0x00000000a7680000)
 Metaspace       used 73085K, capacity 76250K, committed 76504K, reserved 1116160K
  class space    used 9540K, capacity 10227K, committed 10240K, reserved 1048576K
GC Heap History (10 events):
Event: 39.106 GC heap before
{Heap before GC invocations=18 (full 3):
 PSYoungGen      total 136192K, used 5561K [0x00000000e0000000, 0x00000000ec580000, 0x0000000100000000)
  eden space 122368K, 0% used [0x00000000e0000000,0x00000000e0000000,0x00000000e7780000)
  from space 13824K, 40% used [0x00000000e7780000,0x00000000e7cee4c0,0x00000000e8500000)
  to   space 13824K, 0% used [0x00000000eb800000,0x00000000eb800000,0x00000000ec580000)
 ParOldGen       total 88576K, used 25590K [0x00000000a0000000, 0x00000000a5680000, 0x00000000e0000000)
  object space 88576K, 28% used [0x00000000a0000000,0x00000000a18fd828,0x00000000a5680000)
 Metaspace       used 57393K, capacity 58968K, committed 59028K, reserved 1099776K
  class space    used 7780K, capacity 8181K, committed 8192K, reserved 1048576K
Event: 39.718 GC heap after
Heap after GC invocations=18 (full 3):
 PSYoungGen      total 136192K, used 0K [0x00000000e0000000, 0x00000000ec580000, 0x0000000100000000)
  eden space 122368K, 0% used [0x00000000e0000000,0x00000000e0000000,0x00000000e7780000)
  from space 13824K, 0% used [0x00000000e7780000,0x00000000e7780000,0x00000000e8500000)
  to   space 13824K, 0% used [0x00000000eb800000,0x00000000eb800000,0x00000000ec580000)
 ParOldGen       total 121344K, used 29304K [0x00000000a0000000, 0x00000000a7680000, 0x00000000e0000000)
  object space 121344K, 24% used [0x00000000a0000000,0x00000000a1c9e040,0x00000000a7680000)
 Metaspace       used 57365K, capacity 58900K, committed 59028K, reserved 1099776K
  class space    used 7772K, capacity 8167K, committed 8192K, reserved 1048576K
}
Event: 74.761 GC heap before
{Heap before GC invocations=19 (full 3):
 PSYoungGen      total 136192K, used 122368K [0x00000000e0000000, 0x00000000ec580000, 0x0000000100000000)
  eden space 122368K, 100% used [0x00000000e0000000,0x00000000e7780000,0x00000000e7780000)
  from space 13824K, 0% used [0x00000000e7780000,0x00000000e7780000,0x00000000e8500000)
  to   space 13824K, 0% used [0x00000000eb800000,0x00000000eb800000,0x00000000ec580000)
 ParOldGen       total 121344K, used 29304K [0x00000000a0000000, 0x00000000a7680000, 0x00000000e0000000)
  object space 121344K, 24% used [0x00000000a0000000,0x00000000a1c9e040,0x00000000a7680000)
 Metaspace       used 63493K, capacity 65370K, committed 65624K, reserved 1105920K
  class space    used 8351K, capacity 8784K, committed 8832K, reserved 1048576K
Event: 74.791 GC heap after
Heap after GC invocations=19 (full 3):
 PSYoungGen      total 172032K, used 11464K [0x00000000e0000000, 0x00000000ec380000, 0x0000000100000000)
  eden space 160256K, 0% used [0x00000000e0000000,0x00000000e0000000,0x00000000e9c80000)
  from space 11776K, 97% used [0x00000000eb800000,0x00000000ec3322d0,0x00000000ec380000)
  to   space 14848K, 0% used [0x00000000ea680000,0x00000000ea680000,0x00000000eb500000)
 ParOldGen       total 121344K, used 29312K [0x00000000a0000000, 0x00000000a7680000, 0x00000000e0000000)
  object space 121344K, 24% used [0x00000000a0000000,0x00000000a1ca0040,0x00000000a7680000)
 Metaspace       used 63493K, capacity 65370K, committed 65624K, reserved 1105920K
  class space    used 8351K, capacity 8784K, committed 8832K, reserved 1048576K
}
Event: 102.432 GC heap before
{Heap before GC invocations=20 (full 3):
 PSYoungGen      total 172032K, used 171720K [0x00000000e0000000, 0x00000000ec380000, 0x0000000100000000)
  eden space 160256K, 100% used [0x00000000e0000000,0x00000000e9c80000,0x00000000e9c80000)
  from space 11776K, 97% used [0x00000000eb800000,0x00000000ec3322d0,0x00000000ec380000)
  to   space 14848K, 0% used [0x00000000ea680000,0x00000000ea680000,0x00000000eb500000)
 ParOldGen       total 121344K, used 29312K [0x00000000a0000000, 0x00000000a7680000, 0x00000000e0000000)
  object space 121344K, 24% used [0x00000000a0000000,0x00000000a1ca0040,0x00000000a7680000)
 Metaspace       used 66013K, capacity 68002K, committed 68312K, reserved 1107968K
  class space    used 8596K, capacity 9090K, committed 9216K, reserved 1048576K
Event: 102.506 GC heap after
Heap after GC invocations=20 (full 3):
 PSYoungGen      total 185344K, used 5475K [0x00000000e0000000, 0x00000000ed500000, 0x0000000100000000)
  eden space 170496K, 0% used [0x00000000e0000000,0x00000000e0000000,0x00000000ea680000)
  from space 14848K, 36% used [0x00000000ea680000,0x00000000eabd8ca0,0x00000000eb500000)
  to   space 14336K, 0% used [0x00000000ec700000,0x00000000ec700000,0x00000000ed500000)
 ParOldGen       total 121344K, used 36573K [0x00000000a0000000, 0x00000000a7680000, 0x00000000e0000000)
  object space 121344K, 30% used [0x00000000a0000000,0x00000000a23b7790,0x00000000a7680000)
 Metaspace       used 66013K, capacity 68002K, committed 68312K, reserved 1107968K
  class space    used 8596K, capacity 9090K, committed 9216K, reserved 1048576K
}
Event: 169.300 GC heap before
{Heap before GC invocations=21 (full 3):
 PSYoungGen      total 185344K, used 175971K [0x00000000e0000000, 0x00000000ed500000, 0x0000000100000000)
  eden space 170496K, 100% used [0x00000000e0000000,0x00000000ea680000,0x00000000ea680000)
  from space 14848K, 36% used [0x00000000ea680000,0x00000000eabd8ca0,0x00000000eb500000)
  to   space 14336K, 0% used [0x00000000ec700000,0x00000000ec700000,0x00000000ed500000)
 ParOldGen       total 121344K, used 36573K [0x00000000a0000000, 0x00000000a7680000, 0x00000000e0000000)
  object space 121344K, 30% used [0x00000000a0000000,0x00000000a23b7790,0x00000000a7680000)
 Metaspace       used 71410K, capacity 74248K, committed 74584K, reserved 1114112K
  class space    used 9369K, capacity 10006K, committed 10112K, reserved 1048576K
Event: 169.335 GC heap after
Heap after GC invocations=21 (full 3):
 PSYoungGen      total 201728K, used 14329K [0x00000000e0000000, 0x00000000ee080000, 0x0000000100000000)
  eden space 187392K, 0% used [0x00000000e0000000,0x00000000e0000000,0x00000000eb700000)
  from space 14336K, 99% used [0x00000000ec700000,0x00000000ed4fe4a8,0x00000000ed500000)
  to   space 16384K, 0% used [0x00000000eb700000,0x00000000eb700000,0x00000000ec700000)
 ParOldGen       total 121344K, used 36834K [0x00000000a0000000, 0x00000000a7680000, 0x00000000e0000000)
  object space 121344K, 30% used [0x00000000a0000000,0x00000000a23f8bc0,0x00000000a7680000)
 Metaspace       used 71410K, capacity 74248K, committed 74584K, reserved 1114112K
  class space    used 9369K, capacity 10006K, committed 10112K, reserved 1048576K
}
Event: 247.247 GC heap before
{Heap before GC invocations=22 (full 3):
 PSYoungGen      total 201728K, used 201721K [0x00000000e0000000, 0x00000000ee080000, 0x0000000100000000)
  eden space 187392K, 100% used [0x00000000e0000000,0x00000000eb700000,0x00000000eb700000)
  from space 14336K, 99% used [0x00000000ec700000,0x00000000ed4fe4a8,0x00000000ed500000)
  to   space 16384K, 0% used [0x00000000eb700000,0x00000000eb700000,0x00000000ec700000)
 ParOldGen       total 121344K, used 36834K [0x00000000a0000000, 0x00000000a7680000, 0x00000000e0000000)
  object space 121344K, 30% used [0x00000000a0000000,0x00000000a23f8bc0,0x00000000a7680000)
 Metaspace       used 72805K, capacity 75970K, committed 76248K, reserved 1116160K
  class space    used 9512K, capacity 10159K, committed 10240K, reserved 1048576K
Event: 247.293 GC heap after
Heap after GC invocations=22 (full 3):
 PSYoungGen      total 203776K, used 9026K [0x00000000e0000000, 0x00000000eee00000, 0x0000000100000000)
  eden space 187392K, 0% used [0x00000000e0000000,0x00000000e0000000,0x00000000eb700000)
  from space 16384K, 55% used [0x00000000eb700000,0x00000000ebfd09f0,0x00000000ec700000)
  to   space 15872K, 0% used [0x00000000ede80000,0x00000000ede80000,0x00000000eee00000)
 ParOldGen       total 121344K, used 44690K [0x00000000a0000000, 0x00000000a7680000, 0x00000000e0000000)
  object space 121344K, 36% used [0x00000000a0000000,0x00000000a2ba49a0,0x00000000a7680000)
 Metaspace       used 72805K, capacity 75970K, committed 76248K, reserved 1116160K
  class space    used 9512K, capacity 10159K, committed 10240K, reserved 1048576K
}

