# JRE version: OpenJDK Runtime Environment (8.0_202-b03) (build 1.8.0_202-release-1483-b03)
# Java VM: OpenJDK 64-Bit Server VM (25.202-b03 mixed mode windows-amd64 compressed oops)
Heap:
 PSYoungGen      total 125440K, used 12845K [0x00000000e0000000, 0x00000000eb700000, 0x0000000100000000)
  eden space 114688K, 11% used [0x00000000e0000000,0x00000000e0c8b658,0x00000000e7000000)
  from space 10752K, 0% used [0x00000000e7000000,0x00000000e7000000,0x00000000e7a80000)
  to   space 11776K, 0% used [0x00000000eab80000,0x00000000eab80000,0x00000000eb700000)
 ParOldGen       total 53760K, used 16877K [0x00000000a0000000, 0x00000000a3480000, 0x00000000e0000000)
  object space 53760K, 31% used [0x00000000a0000000,0x00000000a107b630,0x00000000a3480000)
 Metaspace       used 37022K, capacity 37718K, committed 38104K, reserved 1081344K
  class space    used 5084K, capacity 5291K, committed 5376K, reserved 1048576K
GC Heap History (10 events):
Event: 7.395 GC heap before
{Heap before GC invocations=7 (full 1):
 PSYoungGen      total 76288K, used 6740K [0x00000000e0000000, 0x00000000e5500000, 0x0000000100000000)
  eden space 66560K, 0% used [0x00000000e0000000,0x00000000e0000000,0x00000000e4100000)
  from space 9728K, 69% used [0x00000000e4b80000,0x00000000e5215220,0x00000000e5500000)
  to   space 10240K, 0% used [0x00000000e4100000,0x00000000e4100000,0x00000000e4b00000)
 ParOldGen       total 87552K, used 8522K [0x00000000a0000000, 0x00000000a5580000, 0x00000000e0000000)
  object space 87552K, 9% used [0x00000000a0000000,0x00000000a0852870,0x00000000a5580000)
 Metaspace       used 20723K, capacity 21108K, committed 21248K, reserved 1067008K
  class space    used 2915K, capacity 3062K, committed 3072K, reserved 1048576K
Event: 7.449 GC heap after
Heap after GC invocations=7 (full 1):
 PSYoungGen      total 76288K, used 0K [0x00000000e0000000, 0x00000000e5500000, 0x0000000100000000)
  eden space 66560K, 0% used [0x00000000e0000000,0x00000000e0000000,0x00000000e4100000)
  from space 9728K, 0% used [0x00000000e4b80000,0x00000000e4b80000,0x00000000e5500000)
  to   space 10240K, 0% used [0x00000000e4100000,0x00000000e4100000,0x00000000e4b00000)
 ParOldGen       total 53760K, used 7690K [0x00000000a0000000, 0x00000000a3480000, 0x00000000e0000000)
  object space 53760K, 14% used [0x00000000a0000000,0x00000000a0782830,0x00000000a3480000)
 Metaspace       used 20723K, capacity 21108K, committed 21248K, reserved 1067008K
  class space    used 2915K, capacity 3062K, committed 3072K, reserved 1048576K
}
Event: 9.644 GC heap before
{Heap before GC invocations=8 (full 1):
 PSYoungGen      total 76288K, used 66560K [0x00000000e0000000, 0x00000000e5500000, 0x0000000100000000)
  eden space 66560K, 100% used [0x00000000e0000000,0x00000000e4100000,0x00000000e4100000)
  from space 9728K, 0% used [0x00000000e4b80000,0x00000000e4b80000,0x00000000e5500000)
  to   space 10240K, 0% used [0x00000000e4100000,0x00000000e4100000,0x00000000e4b00000)
 ParOldGen       total 53760K, used 7690K [0x00000000a0000000, 0x00000000a3480000, 0x00000000e0000000)
  object space 53760K, 14% used [0x00000000a0000000,0x00000000a0782830,0x00000000a3480000)
 Metaspace       used 28595K, capacity 29044K, committed 29440K, reserved 1075200K
  class space    used 3853K, capacity 4011K, committed 4096K, reserved 1048576K
Event: 9.664 GC heap after
Heap after GC invocations=8 (full 1):
 PSYoungGen      total 76800K, used 7733K [0x00000000e0000000, 0x00000000e8600000, 0x0000000100000000)
  eden space 66560K, 0% used [0x00000000e0000000,0x00000000e0000000,0x00000000e4100000)
  from space 10240K, 75% used [0x00000000e4100000,0x00000000e488d638,0x00000000e4b00000)
  to   space 10240K, 0% used [0x00000000e7c00000,0x00000000e7c00000,0x00000000e8600000)
 ParOldGen       total 53760K, used 7698K [0x00000000a0000000, 0x00000000a3480000, 0x00000000e0000000)
  object space 53760K, 14% used [0x00000000a0000000,0x00000000a0784830,0x00000000a3480000)
 Metaspace       used 28595K, capacity 29044K, committed 29440K, reserved 1075200K
  class space    used 3853K, capacity 4011K, committed 4096K, reserved 1048576K
}
Event: 11.152 GC heap before
{Heap before GC invocations=9 (full 1):
 PSYoungGen      total 76800K, used 74293K [0x00000000e0000000, 0x00000000e8600000, 0x0000000100000000)
  eden space 66560K, 100% used [0x00000000e0000000,0x00000000e4100000,0x00000000e4100000)
  from space 10240K, 75% used [0x00000000e4100000,0x00000000e488d638,0x00000000e4b00000)
  to   space 10240K, 0% used [0x00000000e7c00000,0x00000000e7c00000,0x00000000e8600000)
 ParOldGen       total 53760K, used 7698K [0x00000000a0000000, 0x00000000a3480000, 0x00000000e0000000)
  object space 53760K, 14% used [0x00000000a0000000,0x00000000a0784830,0x00000000a3480000)
 Metaspace       used 32011K, capacity 32492K, committed 32768K, reserved 1077248K
  class space    used 4406K, capacity 4563K, committed 4608K, reserved 1048576K
Event: 11.167 GC heap after
Heap after GC invocations=9 (full 1):
 PSYoungGen      total 123904K, used 8679K [0x00000000e0000000, 0x00000000e8500000, 0x0000000100000000)
  eden space 114688K, 0% used [0x00000000e0000000,0x00000000e0000000,0x00000000e7000000)
  from space 9216K, 94% used [0x00000000e7c00000,0x00000000e8479d38,0x00000000e8500000)
  to   space 10752K, 0% used [0x00000000e7000000,0x00000000e7000000,0x00000000e7a80000)
 ParOldGen       total 53760K, used 7706K [0x00000000a0000000, 0x00000000a3480000, 0x00000000e0000000)
  object space 53760K, 14% used [0x00000000a0000000,0x00000000a0786830,0x00000000a3480000)
 Metaspace       used 32011K, capacity 32492K, committed 32768K, reserved 1077248K
  class space    used 4406K, capacity 4563K, committed 4608K, reserved 1048576K
}
Event: 12.737 GC heap before
{Heap before GC invocations=10 (full 1):
 PSYoungGen      total 123904K, used 59250K [0x00000000e0000000, 0x00000000e8500000, 0x0000000100000000)
  eden space 114688K, 44% used [0x00000000e0000000,0x00000000e3162eb8,0x00000000e7000000)
  from space 9216K, 94% used [0x00000000e7c00000,0x00000000e8479d38,0x00000000e8500000)
  to   space 10752K, 0% used [0x00000000e7000000,0x00000000e7000000,0x00000000e7a80000)
 ParOldGen       total 53760K, used 7706K [0x00000000a0000000, 0x00000000a3480000, 0x00000000e0000000)
  object space 53760K, 14% used [0x00000000a0000000,0x00000000a0786830,0x00000000a3480000)
 Metaspace       used 34526K, capacity 35172K, committed 35416K, reserved 1079296K
  class space    used 4743K, capacity 4933K, committed 4992K, reserved 1048576K
Event: 12.761 GC heap after
Heap after GC invocations=10 (full 1):
 PSYoungGen      total 125440K, used 10253K [0x00000000e0000000, 0x00000000eb700000, 0x0000000100000000)
  eden space 114688K, 0% used [0x00000000e0000000,0x00000000e0000000,0x00000000e7000000)
  from space 10752K, 95% used [0x00000000e7000000,0x00000000e7a035d0,0x00000000e7a80000)
  to   space 11776K, 0% used [0x00000000eab80000,0x00000000eab80000,0x00000000eb700000)
 ParOldGen       total 53760K, used 7714K [0x00000000a0000000, 0x00000000a3480000, 0x00000000e0000000)
  object space 53760K, 14% used [0x00000000a0000000,0x00000000a0788830,0x00000000a3480000)
 Metaspace       used 34526K, capacity 35172K, committed 35416K, reserved 1079296K
  class space    used 4743K, capacity 4933K, committed 4992K, reserved 1048576K
}
Event: 12.761 GC heap before
{Heap before GC invocations=11 (full 2):
 PSYoungGen      total 125440K, used 10253K [0x00000000e0000000, 0x00000000eb700000, 0x0000000100000000)
  eden space 114688K, 0% used [0x00000000e0000000,0x00000000e0000000,0x00000000e7000000)
  from space 10752K, 95% used [0x00000000e7000000,0x00000000e7a035d0,0x00000000e7a80000)
  to   space 11776K, 0% used [0x00000000eab80000,0x00000000eab80000,0x00000000eb700000)
 ParOldGen       total 53760K, used 7714K [0x00000000a0000000, 0x00000000a3480000, 0x00000000e0000000)
  object space 53760K, 14% used [0x00000000a0000000,0x00000000a0788830,0x00000000a3480000)
 Metaspace       used 34526K, capacity 35172K, committed 35416K, reserved 1079296K
  class space    used 4743K, capacity 4933K, committed 4992K, reserved 1048576K
Event: 12.923 GC heap after
Heap after GC invocations=11 (full 2):
 PSYoungGen      total 125440K, used 0K [0x00000000e0000000, 0x00000000eb700000, 0x0000000100000000)
  eden space 114688K, 0% used [0x00000000e0000000,0x00000000e0000000,0x00000000e7000000)
  from space 10752K, 0% used [0x00000000e7000000,0x00000000e7000000,0x00000000e7a80000)
  to   space 11776K, 0% used [0x00000000eab80000,0x00000000eab80000,0x00000000eb700000)
 ParOldGen       total 53760K, used 16877K [0x00000000a0000000, 0x00000000a3480000, 0x00000000e0000000)
  object space 53760K, 31% used [0x00000000a0000000,0x00000000a107b630,0x00000000a3480000)
 Metaspace       used 34526K, capacity 35172K, committed 35416K, reserved 1079296K
  class space    used 4743K, capacity 4933K, committed 4992K, reserved 1048576K
}

